<?xml version="1.0" encoding="UTF-8"?>
<!-- Generated by org.testng.reporters.JUnitReportReporter -->
<testsuite hostname="DESKTOP-MNLKTSQ" failures="0" tests="3" name="AutoProject.Tests.LoginTest" time="58.101" errors="0" timestamp="2025-03-30T10:35:28 IST" skipped="0">
  <testcase classname="AutoProject.Tests.LoginTest" name="submitOrder" time="22.119"/>
  <testcase classname="AutoProject.Tests.LoginTest" name="OrderHistoryTest" time="6.150"/>
  <testcase classname="AutoProject.Tests.LoginTest" name="submitOrder" time="29.832"/>
</testsuite> <!-- AutoProject.Tests.LoginTest -->
