<?xml version="1.0" encoding="UTF-8"?>
<!-- Generated by org.testng.reporters.JUnitReportReporter -->
<testsuite hostname="DESKTOP-MNLKTSQ" failures="0" tests="2" name="AutoProject.Tests.LoginTest" time="47.564" errors="0" timestamp="2025-03-30T16:25:20 IST" skipped="0">
  <testcase classname="AutoProject.Tests.LoginTest" name="submitOrder" time="21.898"/>
  <testcase classname="AutoProject.Tests.LoginTest" name="submitOrder" time="25.666"/>
</testsuite> <!-- AutoProject.Tests.LoginTest -->
